<?xml version="1.0" encoding="UTF-8"?>
<testng-results ignored="0" total="6" passed="5" failed="0" skipped="1">
  <reporter-output>
  </reporter-output>
  <suite started-at="2021-02-18T20:20:06 CET" name="All Test Suite" finished-at="2021-02-18T20:20:11 CET" duration-ms="5330">
    <groups>
    </groups>
    <test started-at="2021-02-18T20:20:06 CET" name="C:/Users/AJ/IdeaProjects/maven" finished-at="2021-02-18T20:20:11 CET" duration-ms="5330">
      <class name="com.sample.maven.SignInTest">
        <test-method is-config="true" signature="driverInitialize()[pri:0, instance:com.sample.maven.SignInTest@7096b474]" started-at="2021-02-18T20:19:54 CET" name="driverInitialize" finished-at="2021-02-18T20:20:06 CET" duration-ms="11737" status="PASS">
          <reporter-output>
          </reporter-output>
        </test-method> <!-- driverInitialize -->
        <test-method signature="signIn(java.lang.String, java.lang.String)[pri:0, instance:com.sample.maven.SignInTest@7096b474]" started-at="2021-02-18T20:20:06 CET" name="signIn" data-provider="getData" finished-at="2021-02-18T20:20:07 CET" duration-ms="1331" status="PASS">
          <params>
            <param index="0">
              <value>
                <![CDATA[shaz@dfsd.com]]>
              </value>
            </param>
            <param index="1">
              <value>
                <![CDATA[mah]]>
              </value>
            </param>
          </params>
          <reporter-output>
          </reporter-output>
        </test-method> <!-- signIn -->
        <test-method signature="signIn(java.lang.String, java.lang.String)[pri:0, instance:com.sample.maven.SignInTest@7096b474]" started-at="2021-02-18T20:20:07 CET" name="signIn" data-provider="getData" finished-at="2021-02-18T20:20:08 CET" duration-ms="999" status="PASS">
          <params>
            <param index="0">
              <value>
                <![CDATA[asb@sdfs.com]]>
              </value>
            </param>
            <param index="1">
              <value>
                <![CDATA[fss]]>
              </value>
            </param>
          </params>
          <reporter-output>
          </reporter-output>
        </test-method> <!-- signIn -->
        <test-method signature="signIn(java.lang.String, java.lang.String)[pri:0, instance:com.sample.maven.SignInTest@7096b474]" started-at="2021-02-18T20:20:08 CET" name="signIn" data-provider="getData" finished-at="2021-02-18T20:20:09 CET" duration-ms="1008" status="PASS">
          <params>
            <param index="0">
              <value>
                <![CDATA[the@te.com]]>
              </value>
            </param>
            <param index="1">
              <value>
                <![CDATA[wer]]>
              </value>
            </param>
          </params>
          <reporter-output>
          </reporter-output>
        </test-method> <!-- signIn -->
        <test-method signature="forgotPassword()[pri:1, instance:com.sample.maven.SignInTest@7096b474]" started-at="2021-02-18T20:20:09 CET" name="forgotPassword" finished-at="2021-02-18T20:20:10 CET" duration-ms="1186" status="PASS">
          <reporter-output>
          </reporter-output>
        </test-method> <!-- forgotPassword -->
        <test-method signature="failureTest()[pri:2, instance:com.sample.maven.SignInTest@7096b474]" started-at="2021-02-18T20:20:10 CET" name="failureTest" finished-at="2021-02-18T20:20:10 CET" duration-ms="2" status="PASS">
          <reporter-output>
          </reporter-output>
        </test-method> <!-- failureTest -->
        <test-method signature="skipTest()[pri:3, instance:com.sample.maven.SignInTest@7096b474]" started-at="2021-02-18T20:20:10 CET" name="skipTest" finished-at="2021-02-18T20:20:10 CET" duration-ms="1" status="SKIP">
          <exception class="org.testng.SkipException">
            <message>
              <![CDATA[This is a skip exception...]]>
            </message>
            <full-stacktrace>
              <![CDATA[org.testng.SkipException: This is a skip exception...
at com.sample.maven.SignInTest.skipTest(SignInTest.java:227)
at java.base/jdk.internal.reflect.NativeMethodAccessorImpl.invoke0(Native Method)
at java.base/jdk.internal.reflect.NativeMethodAccessorImpl.invoke(NativeMethodAccessorImpl.java:62)
at java.base/jdk.internal.reflect.DelegatingMethodAccessorImpl.invoke(DelegatingMethodAccessorImpl.java:43)
at java.base/java.lang.reflect.Method.invoke(Method.java:566)
at org.testng.internal.MethodInvocationHelper.invokeMethod(MethodInvocationHelper.java:134)
at org.testng.internal.TestInvoker.invokeMethod(TestInvoker.java:597)
at org.testng.internal.TestInvoker.invokeTestMethod(TestInvoker.java:173)
at org.testng.internal.MethodRunner.runInSequence(MethodRunner.java:46)
at org.testng.internal.TestInvoker$MethodInvocationAgent.invoke(TestInvoker.java:816)
at org.testng.internal.TestInvoker.invokeTestMethods(TestInvoker.java:146)
at org.testng.internal.TestMethodWorker.invokeTestMethods(TestMethodWorker.java:146)
at org.testng.internal.TestMethodWorker.run(TestMethodWorker.java:128)
at java.base/java.util.ArrayList.forEach(ArrayList.java:1541)
at org.testng.TestRunner.privateRun(TestRunner.java:766)
at org.testng.TestRunner.run(TestRunner.java:587)
at org.testng.SuiteRunner.runTest(SuiteRunner.java:384)
at org.testng.SuiteRunner.runSequentially(SuiteRunner.java:378)
at org.testng.SuiteRunner.privateRun(SuiteRunner.java:337)
at org.testng.SuiteRunner.run(SuiteRunner.java:286)
at org.testng.SuiteRunnerWorker.runSuite(SuiteRunnerWorker.java:53)
at org.testng.SuiteRunnerWorker.run(SuiteRunnerWorker.java:96)
at org.testng.TestNG.runSuitesSequentially(TestNG.java:1187)
at org.testng.TestNG.runSuitesLocally(TestNG.java:1109)
at org.testng.TestNG.runSuites(TestNG.java:1039)
at org.testng.TestNG.run(TestNG.java:1007)
at org.apache.maven.surefire.testng.TestNGExecutor.run(TestNGExecutor.java:284)
at org.apache.maven.surefire.testng.TestNGXmlTestSuite.execute(TestNGXmlTestSuite.java:75)
at org.apache.maven.surefire.testng.TestNGProvider.invoke(TestNGProvider.java:119)
at org.apache.maven.surefire.booter.ForkedBooter.runSuitesInProcess(ForkedBooter.java:428)
at org.apache.maven.surefire.booter.ForkedBooter.execute(ForkedBooter.java:162)
at org.apache.maven.surefire.booter.ForkedBooter.run(ForkedBooter.java:562)
at org.apache.maven.surefire.booter.ForkedBooter.main(ForkedBooter.java:548)
]]>
            </full-stacktrace>
          </exception> <!-- org.testng.SkipException -->
          <reporter-output>
          </reporter-output>
        </test-method> <!-- skipTest -->
        <test-method is-config="true" signature="driverQuit()[pri:0, instance:com.sample.maven.SignInTest@7096b474]" started-at="2021-02-18T20:20:10 CET" name="driverQuit" finished-at="2021-02-18T20:20:11 CET" duration-ms="755" status="PASS">
          <reporter-output>
          </reporter-output>
        </test-method> <!-- driverQuit -->
      </class> <!-- com.sample.maven.SignInTest -->
    </test> <!-- C:/Users/AJ/IdeaProjects/maven -->
  </suite> <!-- All Test Suite -->
</testng-results>
