<?xml version="1.0" encoding="UTF-8"?>
<testsuite xmlns:xsi="http://www.w3.org/2001/XMLSchema-instance" xsi:noNamespaceSchemaLocation="https://maven.apache.org/surefire/maven-surefire-plugin/xsd/surefire-test-report-3.0.xsd" version="3.0" name="TestSuite" time="18.964" tests="6" errors="0" skipped="1" failures="0">
  <properties>
[...]
</properties>
  <testcase name="signIn[shaz@dfsd.com, mah](1)" classname="com.sample.maven.SignInTest" time="1.285">
    <system-err><![CDATA[Starting ChromeDriver 87.0.4280.88 (89e2380a3e36c3464b5dd1302349b1382549290d-refs/branch-heads/4280@{#1761}) on port 38343
Only local connections are allowed.
Please see https://chromedriver.chromium.org/security-considerations for suggestions on keeping ChromeDriver safe.
ChromeDriver was started successfully.
[1613675996.646][WARNING]: This version of ChromeDriver has not been tested with Chrome version 88.
Feb 18, 2021 8:19:58 PM org.openqa.selenium.remote.ProtocolHandshake createSession
INFO: Detected dialect: W3C
]]></system-err>
  </testcase>
  <testcase name="signIn[asb@sdfs.com, fss](2)" classname="com.sample.maven.SignInTest" time="0.998"/>
  <testcase name="signIn[the@te.com, wer](3)" classname="com.sample.maven.SignInTest" time="1.01"/>
  <testcase name="forgotPassword" classname="com.sample.maven.SignInTest" time="1.186"/>
  <testcase name="failureTest" classname="com.sample.maven.SignInTest" time="0.002"/>
  <testcase name="skipTest" classname="com.sample.maven.SignInTest" time="0">
    <skipped message="This is a skip exception..."/>
    <system-out><![CDATA[This is skip exception
]]></system-out>
  </testcase>
</testsuite>